<?xml version="1.0" encoding="UTF-8"?>
<!-- Generated by org.testng.reporters.JUnitXMLReporter -->
<testsuite ignored="0" hostname="WSAMZN-BK8QRMDL" failures="1" tests="2" name="Test" time="10.031" errors="0" timestamp="2022-11-30T10:06:40 CAT">
  <testcase classname="art1130.test150" name="Applogin" time="9.951"/>
  <testcase classname="art1130.test150" name="validatelogin" time="0.003">
    <failure type="java.lang.NullPointerException">
      <![CDATA[java.lang.NullPointerException
at art1130.test150.validatelogin(test150.java:26)
at java.base/java.util.ArrayList.forEach(ArrayList.java:1541)
... Removed 27 stack frames]]>
    </failure>
  </testcase> <!-- validatelogin -->
</testsuite> <!-- Test -->
