<?xml version="1.0" encoding="UTF-8"?>
<testng-results ignored="0" total="2" passed="2" failed="0" skipped="0">
  <reporter-output>
  </reporter-output>
  <suite started-at="2022-11-30T11:45:15 CAT" name="Suite" finished-at="2022-11-30T11:45:28 CAT" duration-ms="12907">
    <groups>
    </groups>
    <test started-at="2022-11-30T11:45:15 CAT" name="TestLogin" finished-at="2022-11-30T11:45:28 CAT" duration-ms="12907">
      <class name="art1130.test150">
        <test-method signature="Applogin()[pri:0, instance:art1130.test150@e350b40]" started-at="2022-11-30T11:45:15 CAT" name="Applogin" finished-at="2022-11-30T11:45:26 CAT" duration-ms="10567" status="PASS">
          <reporter-output>
          </reporter-output>
        </test-method> <!-- Applogin -->
        <test-method signature="validatelogin()[pri:0, instance:art1130.test150@e350b40]" started-at="2022-11-30T11:45:26 CAT" name="validatelogin" finished-at="2022-11-30T11:45:28 CAT" duration-ms="2262" status="PASS">
          <reporter-output>
          </reporter-output>
        </test-method> <!-- validatelogin -->
      </class> <!-- art1130.test150 -->
    </test> <!-- TestLogin -->
  </suite> <!-- Suite -->
</testng-results>
